<?xml version="1.0" encoding="UTF-8"?>
<testsuite name="controllers.PlayerTest$AddStat" tests="1" skipped="0" failures="0" errors="0" timestamp="2023-08-30T23:27:42" hostname="LAPTOP-V0RRUT35" time="0.108">
  <properties/>
  <testcase name="adding a Stat to a Player in populated list adds to set()" classname="controllers.PlayerTest$AddStat" time="0.108"/>
  <system-out><![CDATA[]]></system-out>
  <system-err><![CDATA[]]></system-err>
</testsuite>
