<?xml version="1.0" encoding="UTF-8"?>
<testsuite name="PlayersAPITest$UpdatePlayers" tests="2" skipped="0" failures="0" errors="0" timestamp="2023-08-30T05:42:34" hostname="LAPTOP-V0RRUT35" time="0.003">
  <properties/>
  <testcase name="updating a Player that exists returns true and updates()" classname="PlayersAPITest$UpdatePlayers" time="0.001"/>
  <testcase name="updating a Player that does not exist returns false()" classname="PlayersAPITest$UpdatePlayers" time="0.001"/>
  <system-out><![CDATA[]]></system-out>
  <system-err><![CDATA[]]></system-err>
</testsuite>
