<?xml version="1.0" encoding="UTF-8"?>
<testsuite name="controllers.PlayerTest$UpdateStats" tests="2" skipped="0" failures="0" errors="0" timestamp="2023-08-31T01:21:07" hostname="LAPTOP-V0RRUT35" time="0.005">
  <properties/>
  <testcase name="updating a game that exists returns true and updates()" classname="controllers.PlayerTest$UpdateStats" time="0.002"/>
  <testcase name="updating a Stat that does not exist returns false()" classname="controllers.PlayerTest$UpdateStats" time="0.001"/>
  <system-out><![CDATA[]]></system-out>
  <system-err><![CDATA[]]></system-err>
</testsuite>
