<?xml version="1.0" encoding="UTF-8"?>
<testsuite name="controllers.PlayersAPITest$ListPlayers" tests="2" skipped="0" failures="0" errors="0" timestamp="2023-08-31T01:21:07" hostname="LAPTOP-V0RRUT35" time="0.261">
  <properties/>
  <testcase name="listAllPlayers returns No Players Stored message when ArrayList is empty()" classname="controllers.PlayersAPITest$ListPlayers" time="0.052"/>
  <testcase name="listAllPlayers returns Players when ArrayList has Players stored()" classname="controllers.PlayersAPITest$ListPlayers" time="0.204"/>
  <system-out><![CDATA[]]></system-out>
  <system-err><![CDATA[]]></system-err>
</testsuite>
