<?xml version="1.0" encoding="UTF-8"?>
<testsuite name="PlayersAPITest$PersistenceTests" tests="2" skipped="0" failures="0" errors="0" timestamp="2023-08-30T03:39:37" hostname="LAPTOP-V0RRUT35" time="0.314">
  <properties/>
  <testcase name="saving and loading an loaded collection in JSON doesn't loose data()" classname="PlayersAPITest$PersistenceTests" time="0.298"/>
  <testcase name="saving and loading an empty collection in JSON doesn't crash app()" classname="PlayersAPITest$PersistenceTests" time="0.015"/>
  <system-out><![CDATA[]]></system-out>
  <system-err><![CDATA[]]></system-err>
</testsuite>
