<?xml version="1.0" encoding="UTF-8"?>
<testsuite name="PlayersAPITest" tests="2" skipped="0" failures="0" errors="0" timestamp="2023-08-29T23:57:51" hostname="LAPTOP-V0RRUT35" time="0.038">
  <properties/>
  <testcase name="adding a Player to a populated list adds to ArrayList()" classname="PlayersAPITest" time="0.036"/>
  <testcase name="adding a Player to an empty list adds to ArrayList()" classname="PlayersAPITest" time="0.001"/>
  <system-out><![CDATA[]]></system-out>
  <system-err><![CDATA[]]></system-err>
</testsuite>
