<?xml version="1.0" encoding="UTF-8"?>
<testsuite name="controllers.PlayerTest$DeleteStats" tests="2" skipped="0" failures="0" errors="0" timestamp="2023-08-30T23:27:42" hostname="LAPTOP-V0RRUT35" time="0.003">
  <properties/>
  <testcase name="deleting a Stat that does not exist, returns false()" classname="controllers.PlayerTest$DeleteStats" time="0.001"/>
  <testcase name="deleting a Stats that exists deletes and returns deleted object()" classname="controllers.PlayerTest$DeleteStats" time="0.001"/>
  <system-out><![CDATA[]]></system-out>
  <system-err><![CDATA[]]></system-err>
</testsuite>
