<?xml version="1.0" encoding="UTF-8"?>
<testsuite name="PlayersAPITest$DeletePlayers" tests="2" skipped="0" failures="0" errors="0" timestamp="2023-08-29T23:57:51" hostname="LAPTOP-V0RRUT35" time="0.002">
  <properties/>
  <testcase name="deleting a Player that exists delete and returns deleted object()" classname="PlayersAPITest$DeletePlayers" time="0.0"/>
  <testcase name="deleting a Player that does not exist, returns false()" classname="PlayersAPITest$DeletePlayers" time="0.001"/>
  <system-out><![CDATA[]]></system-out>
  <system-err><![CDATA[]]></system-err>
</testsuite>
