<?xml version="1.0" encoding="UTF-8"?>
<testsuite name="PlayersAPITest$UpdateStats" tests="1" skipped="0" failures="0" errors="0" timestamp="2023-08-30T05:42:35" hostname="LAPTOP-V0RRUT35" time="0.001">
  <properties/>
  <testcase name="updating a Stat that exists returns true and updates()" classname="PlayersAPITest$UpdateStats" time="0.001"/>
  <system-out><![CDATA[]]></system-out>
  <system-err><![CDATA[]]></system-err>
</testsuite>
