<?xml version="1.0" encoding="UTF-8"?>
<testsuite name="PlayersAPITest$ListPlayers" tests="2" skipped="0" failures="0" errors="0" timestamp="2023-08-29T23:57:51" hostname="LAPTOP-V0RRUT35" time="0.038">
  <properties/>
  <testcase name="listAllPlayers returns No Players Stored message when ArrayList is empty()" classname="PlayersAPITest$ListPlayers" time="0.01"/>
  <testcase name="listAllPlayers returns Players when ArrayList has Players stored()" classname="PlayersAPITest$ListPlayers" time="0.027"/>
  <system-out><![CDATA[]]></system-out>
  <system-err><![CDATA[]]></system-err>
</testsuite>
