<?xml version="1.0" encoding="UTF-8"?>
<testsuite name="persistence.persistenceTest$PersistenceTests" tests="2" skipped="0" failures="0" errors="0" timestamp="2023-08-31T03:23:52" hostname="LAPTOP-V0RRUT35" time="0.887">
  <properties/>
  <testcase name="saving and loading an loaded collection in JSON doesn't loose data()" classname="persistence.persistenceTest$PersistenceTests" time="0.871"/>
  <testcase name="saving and loading an empty collection in JSON doesn't crash app()" classname="persistence.persistenceTest$PersistenceTests" time="0.015"/>
  <system-out><![CDATA[]]></system-out>
  <system-err><![CDATA[]]></system-err>
</testsuite>
